# JRE version: OpenJDK Runtime Environment (11.0.4+11) (build 11.0.4+11-post-Ubuntu-1ubuntu218.04.3)
# Java VM: OpenJDK 64-Bit Server VM (11.0.4+11-post-Ubuntu-1ubuntu218.04.3, mixed mode, sharing, tiered, compressed oops, g1 gc, linux-amd64)
Heap:
 garbage-first heap   total 786432K, used 388160K [0x00000000c5200000, 0x0000000100000000)
  region size 1024K, 1 young (1024K), 1 survivors (1024K)
 Metaspace       used 872K, capacity 4554K, committed 4864K, reserved 1056768K
  class space    used 89K, capacity 412K, committed 512K, reserved 1048576K
GC Heap History (6 events):
Event: 1.335 GC heap before
{Heap before GC invocations=0 (full 0):
 garbage-first heap   total 63488K, used 25208K [0x00000000c5200000, 0x0000000100000000)
  region size 1024K, 3 young (3072K), 0 survivors (0K)
 Metaspace       used 872K, capacity 4554K, committed 4864K, reserved 1056768K
  class space    used 89K, capacity 412K, committed 512K, reserved 1048576K
}
Event: 1.561 GC heap after
{Heap after GC invocations=1 (full 0):
 garbage-first heap   total 63488K, used 24636K [0x00000000c5200000, 0x0000000100000000)
  region size 1024K, 1 young (1024K), 1 survivors (1024K)
 Metaspace       used 872K, capacity 4554K, committed 4864K, reserved 1056768K
  class space    used 89K, capacity 412K, committed 512K, reserved 1048576K
}
Event: 1.854 GC heap before
{Heap before GC invocations=2 (full 0):
 garbage-first heap   total 88064K, used 60476K [0x00000000c5200000, 0x0000000100000000)
  region size 1024K, 1 young (1024K), 1 survivors (1024K)
 Metaspace       used 872K, capacity 4554K, committed 4864K, reserved 1056768K
  class space    used 89K, capacity 412K, committed 512K, reserved 1048576K
}
Event: 2.477 GC heap after
{Heap after GC invocations=3 (full 0):
 garbage-first heap   total 88064K, used 60464K [0x00000000c5200000, 0x0000000100000000)
  region size 1024K, 1 young (1024K), 1 survivors (1024K)
 Metaspace       used 872K, capacity 4554K, committed 4864K, reserved 1056768K
  class space    used 89K, capacity 412K, committed 512K, reserved 1048576K
}
Event: 3.853 GC heap before
{Heap before GC invocations=4 (full 0):
 garbage-first heap   total 206848K, used 198704K [0x00000000c5200000, 0x0000000100000000)
  region size 1024K, 1 young (1024K), 1 survivors (1024K)
 Metaspace       used 872K, capacity 4554K, committed 4864K, reserved 1056768K
  class space    used 89K, capacity 412K, committed 512K, reserved 1048576K
}
Event: 5.551 GC heap after
{Heap after GC invocations=5 (full 0):
 garbage-first heap   total 206848K, used 198720K [0x00000000c5200000, 0x0000000100000000)
  region size 1024K, 1 young (1024K), 1 survivors (1024K)
 Metaspace       used 872K, capacity 4554K, committed 4864K, reserved 1056768K
  class space    used 89K, capacity 412K, committed 512K, reserved 1048576K
}

